{"name": "test_success_bid", "status": "broken", "statusDetails": {"message": "selenium.common.exceptions.TimeoutException: Message:", "trace": "self = <TestCases.Invest.test_invest.TestInverst object at 0x000002BA161A5CC0>\ninit = (<selenium.webdriver.chrome.webdriver.WebDriver (session=\"5b5031ffb8921932233374da69622dc9\")>, <PageObjects.inverst_pa...ls_page.UserDetailsPage object at 0x000002BA16230DD8>, <PageObjects.index_page.IndexPage object at 0x000002BA16230860>)\n\n    def test_success_bid(self,init):\n        # 选择首页第一个标（状态为竞标中），点击\"抢投标\"按钮\n        init[3].choose_the_first_bid()\n    \n        time.sleep(2)\n    \n        # 获取投前标额\n        money_before_bid = float(init[1].get_bid_money())\n        logging.info('投前标额{}'.format(money_before_bid))\n    \n        # 获取用户投标前的可用余额\n        user_money_before_invest = float(init[1].get_user_money())\n        logging.info('用户投标前{}'.format(user_money_before_invest))\n    \n        # 标页面-输入投资金额，点击投标\n        init[1].user_invest(cd.invest_money)\n        logging.info('-------------------成功输入投资金额----------------------')\n    \n        # 投票成功弹窗-点击查看并激活\"\n>       init[1].click_activa_button_in_success_popup()\n\nTestCases\\Invest\\test_invest.py:89: \n_ _ _ _ _ _ _ _ _ _ _ _ _ _ _ _ _ _ _ _ _ _ _ _ _ _ _ _ _ _ _ _ _ _ _ _ _ _ _ _\nPageObjects\\inverst_page.py:26: in click_activa_button_in_success_popup\n    self.click_element(loc.activa_button_in_success_popup,\"标页面_投票成功弹窗-点击查看并激活\")\nCommon\\basepage.py:75: in click_element\n    self.wait_eleVisible(loc,img_name,timeout,poll_frequency)\nCommon\\basepage.py:33: in wait_eleVisible\n    WebDriverWait(self.driver,timeout,poll_frequency).until(EC.visibility_of_element_located(loc))\n_ _ _ _ _ _ _ _ _ _ _ _ _ _ _ _ _ _ _ _ _ _ _ _ _ _ _ _ _ _ _ _ _ _ _ _ _ _ _ _\n\nself = <selenium.webdriver.support.wait.WebDriverWait (session=\"5b5031ffb8921932233374da69622dc9\")>\nmethod = <selenium.webdriver.support.expected_conditions.visibility_of_element_located object at 0x000002BA16230A90>\nmessage = ''\n\n    def until(self, method, message=''):\n        \"\"\"Calls the method provided with the driver as an argument until the \\\n        return value is not False.\"\"\"\n        screen = None\n        stacktrace = None\n    \n        end_time = time.time() + self._timeout\n        while True:\n            try:\n                value = method(self._driver)\n                if value:\n                    return value\n            except self._ignored_exceptions as exc:\n                screen = getattr(exc, 'screen', None)\n                stacktrace = getattr(exc, 'stacktrace', None)\n            time.sleep(self._poll)\n            if time.time() > end_time:\n                break\n>       raise TimeoutException(message, screen, stacktrace)\nE       selenium.common.exceptions.TimeoutException: Message:\n\n..\\..\\AppData\\Local\\Programs\\Python\\Python37\\lib\\site-packages\\selenium\\webdriver\\support\\wait.py:80: TimeoutException"}, "attachments": [{"name": "log", "source": "c7479d55-18d6-4e42-816d-0ae30379663a-attachment.txt", "type": "text/plain"}], "start": 1596800347497, "stop": 1596800428505, "uuid": "09aa8e14-2af4-4275-bddd-d783ab7bf9b1", "historyId": "0d56f901141178507d362aa9619d330d", "testCaseId": "0e0da832a60af905e1ac5a6315015896", "fullName": "TestCases.Invest.test_invest.TestInverst#test_success_bid", "labels": [{"name": "parentSuite", "value": "TestCases.Invest"}, {"name": "suite", "value": "test_invest"}, {"name": "subSuite", "value": "TestInverst"}, {"name": "host", "value": "DESKTOP-1LU9VN9"}, {"name": "thread", "value": "3076-MainThread"}, {"name": "framework", "value": "pytest"}, {"name": "language", "value": "cpython3"}, {"name": "package", "value": "TestCases.Invest.test_invest"}]}